automatic:0/186
Trace:
=> J'ai trouvé une archive.
=> Je la décompresse.
flap-skywalker-vador-15.1/
flap-skywalker-vador-15.1/Makefile.generic
flap-skywalker-vador-15.1/myocamlbuild_config.ml
flap-skywalker-vador-15.1/Makefile.local
flap-skywalker-vador-15.1/_tags
flap-skywalker-vador-15.1/src/
flap-skywalker-vador-15.1/src/flap.ml
flap-skywalker-vador-15.1/src/lib/
flap-skywalker-vador-15.1/src/lib/pprint/
flap-skywalker-vador-15.1/src/lib/pprint/PPrint.ml
flap-skywalker-vador-15.1/src/lib/pprint/AUTHORS
flap-skywalker-vador-15.1/src/lib/pprint/CHANGES
flap-skywalker-vador-15.1/src/lib/pprint/PPrintCombinators.mli
flap-skywalker-vador-15.1/src/lib/pprint/PPrintEngine.ml
flap-skywalker-vador-15.1/src/lib/pprint/PPrintOCaml.ml
flap-skywalker-vador-15.1/src/lib/pprint/PPrintEngine.mli
flap-skywalker-vador-15.1/src/lib/pprint/PPrintRenderer.ml
flap-skywalker-vador-15.1/src/lib/pprint/PPrintOCaml.mli
flap-skywalker-vador-15.1/src/lib/pprint/README
flap-skywalker-vador-15.1/src/lib/pprint/LICENSE
flap-skywalker-vador-15.1/src/lib/pprint/Makefile
flap-skywalker-vador-15.1/src/lib/pprint/PPrintCombinators.ml
flap-skywalker-vador-15.1/src/hopix/
flap-skywalker-vador-15.1/src/hopix/hopixParser.mly
flap-skywalker-vador-15.1/src/hopix/hopixPrettyPrinter.ml
flap-skywalker-vador-15.1/src/hopix/hopixInitialization.ml
flap-skywalker-vador-15.1/src/hopix/hopix.ml
flap-skywalker-vador-15.1/src/hopix/hopixTypeInferenceEngine.ml
flap-skywalker-vador-15.1/src/hopix/hopixLexer.mll
flap-skywalker-vador-15.1/src/hopix/hopixInterpreter.ml
flap-skywalker-vador-15.1/src/hopix/hopixTypes.ml
flap-skywalker-vador-15.1/src/hopix/hopixTypechecker.ml
flap-skywalker-vador-15.1/src/hopix/hopixAST.ml
flap-skywalker-vador-15.1/src/commandLineOptions.ml
flap-skywalker-vador-15.1/src/common/
flap-skywalker-vador-15.1/src/common/languages.ml
flap-skywalker-vador-15.1/src/common/compilers.ml
flap-skywalker-vador-15.1/src/options.ml
flap-skywalker-vador-15.1/src/utilities/
flap-skywalker-vador-15.1/src/utilities/stdUserInput.ml
flap-skywalker-vador-15.1/src/utilities/position.mli
flap-skywalker-vador-15.1/src/utilities/extStd.ml
flap-skywalker-vador-15.1/src/utilities/syntacticAnalysis.ml
flap-skywalker-vador-15.1/src/utilities/position.ml
flap-skywalker-vador-15.1/src/utilities/extPPrint.ml
flap-skywalker-vador-15.1/src/utilities/userInput.ml
flap-skywalker-vador-15.1/src/utilities/syntacticAnalysis.mli
flap-skywalker-vador-15.1/src/utilities/error.mli
flap-skywalker-vador-15.1/src/utilities/option.ml
flap-skywalker-vador-15.1/src/utilities/error.ml
flap-skywalker-vador-15.1/src/version.ml
flap-skywalker-vador-15.1/Makefile.config
flap-skywalker-vador-15.1/Makefile
=> Je compile.
Source configuration ...
 * Ledit is not present: use default UserInput.
rm -f flap.native
ocamlfind ocamldep -package unix -package str -modules src/flap.ml > src/flap.ml.depends
ocamlfind ocamldep -package unix -package str -modules src/commandLineOptions.ml > src/commandLineOptions.ml.depends
ocamlfind ocamldep -package unix -package str -modules src/options.ml > src/options.ml.depends
ocamlfind ocamldep -package unix -package str -modules src/utilities/error.mli > src/utilities/error.mli.depends
ocamlfind ocamldep -package unix -package str -modules src/utilities/position.mli > src/utilities/position.mli.depends
ocamlfind ocamlc -c -annot -bin-annot -package unix -package str -I src/utilities -I src -I src/common -I src/hopix -I src/lib/pprint -o src/utilities/position.cmi src/utilities/position.mli
ocamlfind ocamlc -c -annot -bin-annot -package unix -package str -I src/utilities -I src -I src/common -I src/hopix -I src/lib/pprint -o src/utilities/error.cmi src/utilities/error.mli
ocamlfind ocamldep -package unix -package str -modules src/version.ml > src/version.ml.depends
ocamlfind ocamlc -c -annot -bin-annot -package unix -package str -I src -I src/common -I src/hopix -I src/utilities -I src/lib/pprint -o src/options.cmo src/options.ml
ocamlfind ocamlc -c -annot -bin-annot -package unix -package str -I src -I src/common -I src/hopix -I src/utilities -I src/lib/pprint -o src/version.cmo src/version.ml
ocamlfind ocamldep -package unix -package str -modules src/common/compilers.ml > src/common/compilers.ml.depends
ocamlfind ocamldep -package unix -package str -modules src/utilities/extStd.ml > src/utilities/extStd.ml.depends
ocamlfind ocamldep -package unix -package str -modules src/common/languages.ml > src/common/languages.ml.depends
ocamlfind ocamlc -c -annot -bin-annot -package unix -package str -I src/utilities -I src -I src/common -I src/hopix -I src/lib/pprint -o src/utilities/extStd.cmo src/utilities/extStd.ml
ocamlfind ocamlc -c -annot -bin-annot -package unix -package str -I src/common -I src -I src/hopix -I src/utilities -I src/lib/pprint -o src/common/languages.cmo src/common/languages.ml
ocamlfind ocamldep -package unix -package str -modules src/hopix/hopixInitialization.ml > src/hopix/hopixInitialization.ml.depends
ocamlfind ocamlc -c -annot -bin-annot -package unix -package str -I src/common -I src -I src/hopix -I src/utilities -I src/lib/pprint -o src/common/compilers.cmo src/common/compilers.ml
ocamlfind ocamldep -package unix -package str -modules src/hopix/hopix.ml > src/hopix/hopix.ml.depends
ocamlfind ocamldep -package unix -package str -modules src/hopix/hopixAST.ml > src/hopix/hopixAST.ml.depends
ocamlfind ocamldep -package unix -package str -modules src/hopix/hopixInterpreter.ml > src/hopix/hopixInterpreter.ml.depends
ocamlfind ocamlc -c -annot -bin-annot -package unix -package str -I src/hopix -I src -I src/common -I src/utilities -I src/lib/pprint -o src/hopix/hopixAST.cmo src/hopix/hopixAST.ml
/usr/bin/ocamllex -q src/hopix/hopixLexer.mll
ocamlfind ocamldep -package unix -package str -modules src/hopix/hopixLexer.ml > src/hopix/hopixLexer.ml.depends
+ ocamlfind ocamldep -package unix -package str -modules src/hopix/hopixLexer.ml > src/hopix/hopixLexer.ml.depends
File "src/hopix/hopixLexer.mll", line 85, characters 58-59:
Error: Syntax error
Command exited with code 2.
Makefile.generic:54: recipe for target 'flap.native' failed
!> La compilation a échoué.=> J'ai trouvé une archive.
=> Je la décompresse.
flap-skywalker-vador-15.1/
flap-skywalker-vador-15.1/Makefile.generic
flap-skywalker-vador-15.1/myocamlbuild_config.ml
flap-skywalker-vador-15.1/Makefile.local
flap-skywalker-vador-15.1/_tags
flap-skywalker-vador-15.1/src/
flap-skywalker-vador-15.1/src/flap.ml
flap-skywalker-vador-15.1/src/lib/
flap-skywalker-vador-15.1/src/lib/pprint/
flap-skywalker-vador-15.1/src/lib/pprint/PPrint.ml
flap-skywalker-vador-15.1/src/lib/pprint/AUTHORS
flap-skywalker-vador-15.1/src/lib/pprint/CHANGES
flap-skywalker-vador-15.1/src/lib/pprint/PPrintCombinators.mli
flap-skywalker-vador-15.1/src/lib/pprint/PPrintEngine.ml
flap-skywalker-vador-15.1/src/lib/pprint/PPrintOCaml.ml
flap-skywalker-vador-15.1/src/lib/pprint/PPrintEngine.mli
flap-skywalker-vador-15.1/src/lib/pprint/PPrintRenderer.ml
flap-skywalker-vador-15.1/src/lib/pprint/PPrintOCaml.mli
flap-skywalker-vador-15.1/src/lib/pprint/README
flap-skywalker-vador-15.1/src/lib/pprint/LICENSE
flap-skywalker-vador-15.1/src/lib/pprint/Makefile
flap-skywalker-vador-15.1/src/lib/pprint/PPrintCombinators.ml
flap-skywalker-vador-15.1/src/hopix/
flap-skywalker-vador-15.1/src/hopix/hopixParser.mly
flap-skywalker-vador-15.1/src/hopix/hopixPrettyPrinter.ml
flap-skywalker-vador-15.1/src/hopix/hopixInitialization.ml
flap-skywalker-vador-15.1/src/hopix/hopix.ml
flap-skywalker-vador-15.1/src/hopix/hopixTypeInferenceEngine.ml
flap-skywalker-vador-15.1/src/hopix/hopixLexer.mll
flap-skywalker-vador-15.1/src/hopix/hopixInterpreter.ml
flap-skywalker-vador-15.1/src/hopix/hopixTypes.ml
flap-skywalker-vador-15.1/src/hopix/hopixTypechecker.ml
flap-skywalker-vador-15.1/src/hopix/hopixAST.ml
flap-skywalker-vador-15.1/src/commandLineOptions.ml
flap-skywalker-vador-15.1/src/common/
flap-skywalker-vador-15.1/src/common/languages.ml
flap-skywalker-vador-15.1/src/common/compilers.ml
flap-skywalker-vador-15.1/src/options.ml
flap-skywalker-vador-15.1/src/utilities/
flap-skywalker-vador-15.1/src/utilities/stdUserInput.ml
flap-skywalker-vador-15.1/src/utilities/position.mli
flap-skywalker-vador-15.1/src/utilities/extStd.ml
flap-skywalker-vador-15.1/src/utilities/syntacticAnalysis.ml
flap-skywalker-vador-15.1/src/utilities/position.ml
flap-skywalker-vador-15.1/src/utilities/extPPrint.ml
flap-skywalker-vador-15.1/src/utilities/userInput.ml
flap-skywalker-vador-15.1/src/utilities/syntacticAnalysis.mli
flap-skywalker-vador-15.1/src/utilities/error.mli
flap-skywalker-vador-15.1/src/utilities/option.ml
flap-skywalker-vador-15.1/src/utilities/error.ml
flap-skywalker-vador-15.1/src/version.ml
flap-skywalker-vador-15.1/Makefile.config
flap-skywalker-vador-15.1/Makefile
=> Je compile.
Source configuration ...
 * Ledit is not present: use default UserInput.
rm -f flap.native
ocamlfind ocamldep -package unix -package str -modules src/flap.ml > src/flap.ml.depends
ocamlfind ocamldep -package unix -package str -modules src/commandLineOptions.ml > src/commandLineOptions.ml.depends
ocamlfind ocamldep -package unix -package str -modules src/options.ml > src/options.ml.depends
ocamlfind ocamldep -package unix -package str -modules src/utilities/error.mli > src/utilities/error.mli.depends
ocamlfind ocamldep -package unix -package str -modules src/utilities/position.mli > src/utilities/position.mli.depends
ocamlfind ocamlc -c -annot -bin-annot -package unix -package str -I src/utilities -I src -I src/common -I src/hopix -I src/lib/pprint -o src/utilities/position.cmi src/utilities/position.mli
ocamlfind ocamlc -c -annot -bin-annot -package unix -package str -I src/utilities -I src -I src/common -I src/hopix -I src/lib/pprint -o src/utilities/error.cmi src/utilities/error.mli
ocamlfind ocamldep -package unix -package str -modules src/version.ml > src/version.ml.depends
ocamlfind ocamlc -c -annot -bin-annot -package unix -package str -I src -I src/common -I src/hopix -I src/utilities -I src/lib/pprint -o src/options.cmo src/options.ml
ocamlfind ocamlc -c -annot -bin-annot -package unix -package str -I src -I src/common -I src/hopix -I src/utilities -I src/lib/pprint -o src/version.cmo src/version.ml
ocamlfind ocamldep -package unix -package str -modules src/common/compilers.ml > src/common/compilers.ml.depends
ocamlfind ocamldep -package unix -package str -modules src/utilities/extStd.ml > src/utilities/extStd.ml.depends
ocamlfind ocamldep -package unix -package str -modules src/common/languages.ml > src/common/languages.ml.depends
ocamlfind ocamlc -c -annot -bin-annot -package unix -package str -I src/utilities -I src -I src/common -I src/hopix -I src/lib/pprint -o src/utilities/extStd.cmo src/utilities/extStd.ml
ocamlfind ocamlc -c -annot -bin-annot -package unix -package str -I src/common -I src -I src/hopix -I src/utilities -I src/lib/pprint -o src/common/languages.cmo src/common/languages.ml
ocamlfind ocamldep -package unix -package str -modules src/hopix/hopixInitialization.ml > src/hopix/hopixInitialization.ml.depends
ocamlfind ocamlc -c -annot -bin-annot -package unix -package str -I src/common -I src -I src/hopix -I src/utilities -I src/lib/pprint -o src/common/compilers.cmo src/common/compilers.ml
ocamlfind ocamldep -package unix -package str -modules src/hopix/hopix.ml > src/hopix/hopix.ml.depends
ocamlfind ocamldep -package unix -package str -modules src/hopix/hopixAST.ml > src/hopix/hopixAST.ml.depends
ocamlfind ocamldep -package unix -package str -modules src/hopix/hopixInterpreter.ml > src/hopix/hopixInterpreter.ml.depends
ocamlfind ocamlc -c -annot -bin-annot -package unix -package str -I src/hopix -I src -I src/common -I src/utilities -I src/lib/pprint -o src/hopix/hopixAST.cmo src/hopix/hopixAST.ml
/usr/bin/ocamllex -q src/hopix/hopixLexer.mll
ocamlfind ocamldep -package unix -package str -modules src/hopix/hopixLexer.ml > src/hopix/hopixLexer.ml.depends
+ ocamlfind ocamldep -package unix -package str -modules src/hopix/hopixLexer.ml > src/hopix/hopixLexer.ml.depends
File "src/hopix/hopixLexer.mll", line 85, characters 58-59:
Error: Syntax error
Command exited with code 2.
Makefile.generic:54: recipe for target 'flap.native' failed
!> La compilation a échoué.
