waiting...
automatic:0/186
Trace:
=> J'ai trouvé une archive.
=> Je la décompresse.
flap-skywalker-vador-15.2/
flap-skywalker-vador-15.2/Makefile
flap-skywalker-vador-15.2/Makefile.config
flap-skywalker-vador-15.2/Makefile.generic
flap-skywalker-vador-15.2/Makefile.local
flap-skywalker-vador-15.2/myocamlbuild_config.ml
flap-skywalker-vador-15.2/_tags
flap-skywalker-vador-15.2/src/
flap-skywalker-vador-15.2/src/utilities/
flap-skywalker-vador-15.2/src/utilities/userInput.ml
flap-skywalker-vador-15.2/src/utilities/position.ml
flap-skywalker-vador-15.2/src/utilities/stdUserInput.ml
flap-skywalker-vador-15.2/src/utilities/syntacticAnalysis.ml
flap-skywalker-vador-15.2/src/utilities/position.mli
flap-skywalker-vador-15.2/src/utilities/syntacticAnalysis.mli
flap-skywalker-vador-15.2/src/utilities/extStd.ml
flap-skywalker-vador-15.2/src/utilities/extPPrint.ml
flap-skywalker-vador-15.2/src/utilities/error.mli
flap-skywalker-vador-15.2/src/utilities/error.ml
flap-skywalker-vador-15.2/src/utilities/option.ml
flap-skywalker-vador-15.2/src/hopix/
flap-skywalker-vador-15.2/src/hopix/hopixAST.ml
flap-skywalker-vador-15.2/src/hopix/hopixInitialization.ml
flap-skywalker-vador-15.2/src/hopix/hopixInterpreter.ml
flap-skywalker-vador-15.2/src/hopix/hopixLexer.mll
flap-skywalker-vador-15.2/src/hopix/hopix.ml
flap-skywalker-vador-15.2/src/hopix/hopixParser.mly
flap-skywalker-vador-15.2/src/hopix/hopixPrettyPrinter.ml
flap-skywalker-vador-15.2/src/hopix/hopixTypechecker.ml
flap-skywalker-vador-15.2/src/hopix/hopixTypes.ml
flap-skywalker-vador-15.2/src/hopix/hopixTypeInferenceEngine.ml
flap-skywalker-vador-15.2/src/hopix/memory.mli
flap-skywalker-vador-15.2/src/hopix/memory.ml
flap-skywalker-vador-15.2/src/version.ml
flap-skywalker-vador-15.2/src/common/
flap-skywalker-vador-15.2/src/common/compilers.ml
flap-skywalker-vador-15.2/src/common/languages.ml
flap-skywalker-vador-15.2/src/commandLineOptions.ml
flap-skywalker-vador-15.2/src/options.ml
flap-skywalker-vador-15.2/src/flap.ml
flap-skywalker-vador-15.2/src/lib/
flap-skywalker-vador-15.2/src/lib/pprint/
flap-skywalker-vador-15.2/src/lib/pprint/LICENSE
flap-skywalker-vador-15.2/src/lib/pprint/AUTHORS
flap-skywalker-vador-15.2/src/lib/pprint/PPrintOCaml.mli
flap-skywalker-vador-15.2/src/lib/pprint/CHANGES
flap-skywalker-vador-15.2/src/lib/pprint/PPrintOCaml.ml
flap-skywalker-vador-15.2/src/lib/pprint/Makefile
flap-skywalker-vador-15.2/src/lib/pprint/PPrintCombinators.ml
flap-skywalker-vador-15.2/src/lib/pprint/PPrintRenderer.ml
flap-skywalker-vador-15.2/src/lib/pprint/README
flap-skywalker-vador-15.2/src/lib/pprint/PPrint.ml
flap-skywalker-vador-15.2/src/lib/pprint/PPrintEngine.ml
flap-skywalker-vador-15.2/src/lib/pprint/PPrintCombinators.mli
flap-skywalker-vador-15.2/src/lib/pprint/PPrintEngine.mli
=> Je compile.
Source configuration ...
 * Ledit is not present: use default UserInput.
rm -f flap.native
ocamlfind ocamldep -package unix -package str -modules src/flap.ml > src/flap.ml.depends
ocamlfind ocamldep -package unix -package str -modules src/commandLineOptions.ml > src/commandLineOptions.ml.depends
ocamlfind ocamldep -package unix -package str -modules src/options.ml > src/options.ml.depends
ocamlfind ocamldep -package unix -package str -modules src/utilities/error.mli > src/utilities/error.mli.depends
ocamlfind ocamldep -package unix -package str -modules src/utilities/position.mli > src/utilities/position.mli.depends
ocamlfind ocamlc -c -annot -bin-annot -package unix -package str -I src/utilities -I src -I src/common -I src/hopix -I src/lib/pprint -o src/utilities/position.cmi src/utilities/position.mli
ocamlfind ocamlc -c -annot -bin-annot -package unix -package str -I src/utilities -I src -I src/common -I src/hopix -I src/lib/pprint -o src/utilities/error.cmi src/utilities/error.mli
ocamlfind ocamldep -package unix -package str -modules src/version.ml > src/version.ml.depends
ocamlfind ocamlc -c -annot -bin-annot -package unix -package str -I src -I src/common -I src/hopix -I src/utilities -I src/lib/pprint -o src/options.cmo src/options.ml
ocamlfind ocamlc -c -annot -bin-annot -package unix -package str -I src -I src/common -I src/hopix -I src/utilities -I src/lib/pprint -o src/version.cmo src/version.ml
ocamlfind ocamldep -package unix -package str -modules src/common/compilers.ml > src/common/compilers.ml.depends
ocamlfind ocamldep -package unix -package str -modules src/utilities/extStd.ml > src/utilities/extStd.ml.depends
ocamlfind ocamldep -package unix -package str -modules src/common/languages.ml > src/common/languages.ml.depends
ocamlfind ocamlc -c -annot -bin-annot -package unix -package str -I src/utilities -I src -I src/common -I src/hopix -I src/lib/pprint -o src/utilities/extStd.cmo src/utilities/extStd.ml
ocamlfind ocamlc -c -annot -bin-annot -package unix -package str -I src/common -I src -I src/hopix -I src/utilities -I src/lib/pprint -o src/common/languages.cmo src/common/languages.ml
ocamlfind ocamldep -package unix -package str -modules src/hopix/hopixInitialization.ml > src/hopix/hopixInitialization.ml.depends
ocamlfind ocamlc -c -annot -bin-annot -package unix -package str -I src/common -I src -I src/hopix -I src/utilities -I src/lib/pprint -o src/common/compilers.cmo src/common/compilers.ml
ocamlfind ocamldep -package unix -package str -modules src/hopix/hopix.ml > src/hopix/hopix.ml.depends
ocamlfind ocamldep -package unix -package str -modules src/hopix/hopixAST.ml > src/hopix/hopixAST.ml.depends
ocamlfind ocamldep -package unix -package str -modules src/hopix/hopixInterpreter.ml > src/hopix/hopixInterpreter.ml.depends
ocamlfind ocamlc -c -annot -bin-annot -package unix -package str -I src/hopix -I src -I src/common -I src/utilities -I src/lib/pprint -o src/hopix/hopixAST.cmo src/hopix/hopixAST.ml
ocamlfind ocamldep -package unix -package str -modules src/hopix/memory.mli > src/hopix/memory.mli.depends
ocamlfind ocamlc -c -annot -bin-annot -package unix -package str -I src/hopix -I src -I src/common -I src/utilities -I src/lib/pprint -o src/hopix/memory.cmi src/hopix/memory.mli
/usr/bin/ocamllex -q src/hopix/hopixLexer.mll
ocamlfind ocamldep -package unix -package str -modules src/hopix/hopixLexer.ml > src/hopix/hopixLexer.ml.depends
menhir --raw-depend --ocamldep 'ocamlfind ocamldep -modules' src/hopix/hopixParser.mly > src/hopix/hopixParser.mly.depends
+ menhir --raw-depend --ocamldep 'ocamlfind ocamldep -modules' src/hopix/hopixParser.mly > src/hopix/hopixParser.mly.depends
File "src/hopix/hopixParser.mly", line 11, characters 48-51:
Warning: the token AMP is unused.
File "src/hopix/hopixParser.mly", line 12, characters 7-9:
Warning: the token DO is unused.
File "src/hopix/hopixParser.mly", line 12, characters 10-14:
Warning: the token DONE is unused.
menhir --ocamlc 'ocamlfind ocamlc -annot -bin-annot -package unix -package str -I src/hopix -I src -I src/common -I src/utilities -I src/lib/pprint' --explain --infer src/hopix/hopixParser.mly
+ menhir --ocamlc 'ocamlfind ocamlc -annot -bin-annot -package unix -package str -I src/hopix -I src -I src/common -I src/utilities -I src/lib/pprint' --explain --infer src/hopix/hopixParser.mly
File "src/hopix/hopixParser.mly", line 11, characters 48-51:
Warning: the token AMP is unused.
File "src/hopix/hopixParser.mly", line 12, characters 7-9:
Warning: the token DO is unused.
File "src/hopix/hopixParser.mly", line 12, characters 10-14:
Warning: the token DONE is unused.
Warning: 21 states have shift/reduce conflicts.
Warning: 3 states have reduce/reduce conflicts.
Warning: 178 shift/reduce conflicts were arbitrarily resolved.
Warning: 72 reduce/reduce conflicts were arbitrarily resolved.
ocamlfind ocamldep -package unix -package str -modules src/hopix/hopixParser.mli > src/hopix/hopixParser.mli.depends
ocamlfind ocamlc -c -annot -bin-annot -package unix -package str -I src/hopix -I src -I src/common -I src/utilities -I src/lib/pprint -o src/hopix/hopixParser.cmi src/hopix/hopixParser.mli
ocamlfind ocamldep -package unix -package str -modules src/hopix/hopixPrettyPrinter.ml > src/hopix/hopixPrettyPrinter.ml.depends
ocamlfind ocamldep -package unix -package str -modules src/utilities/extPPrint.ml > src/utilities/extPPrint.ml.depends
ocamlfind ocamldep -package unix -package str -modules src/lib/pprint/PPrint.ml > src/lib/pprint/PPrint.ml.depends
ocamlfind ocamldep -package unix -package str -modules src/lib/pprint/PPrintCombinators.mli > src/lib/pprint/PPrintCombinators.mli.depends
ocamlfind ocamldep -package unix -package str -modules src/lib/pprint/PPrintEngine.mli > src/lib/pprint/PPrintEngine.mli.depends
ocamlfind ocamldep -package unix -package str -modules src/lib/pprint/PPrintRenderer.ml > src/lib/pprint/PPrintRenderer.ml.depends
ocamlfind ocamlc -c -annot -bin-annot -package unix -package str -I src/lib/pprint -I src -I src/common -I src/hopix -I src/utilities -o src/lib/pprint/PPrintRenderer.cmo src/lib/pprint/PPrintRenderer.ml
ocamlfind ocamlc -c -annot -bin-annot -package unix -package str -I src/lib/pprint -I src -I src/common -I src/hopix -I src/utilities -o src/lib/pprint/PPrintEngine.cmi src/lib/pprint/PPrintEngine.mli
ocamlfind ocamldep -package unix -package str -modules src/lib/pprint/PPrintOCaml.mli > src/lib/pprint/PPrintOCaml.mli.depends
ocamlfind ocamlc -c -annot -bin-annot -package unix -package str -I src/lib/pprint -I src -I src/common -I src/hopix -I src/utilities -o src/lib/pprint/PPrintCombinators.cmi src/lib/pprint/PPrintCombinators.mli
ocamlfind ocamlc -c -annot -bin-annot -package unix -package str -I src/lib/pprint -I src -I src/common -I src/hopix -I src/utilities -o src/lib/pprint/PPrintOCaml.cmi src/lib/pprint/PPrintOCaml.mli
ocamlfind ocamlc -c -annot -bin-annot -package unix -package str -I src/lib/pprint -I src -I src/common -I src/hopix -I src/utilities -o src/lib/pprint/PPrint.cmo src/lib/pprint/PPrint.ml
ocamlfind ocamlc -c -annot -bin-annot -package unix -package str -I src/utilities -I src -I src/common -I src/hopix -I src/lib/pprint -o src/utilities/extPPrint.cmo src/utilities/extPPrint.ml
ocamlfind ocamldep -package unix -package str -modules src/hopix/hopixTypechecker.ml > src/hopix/hopixTypechecker.ml.depends
ocamlfind ocamldep -package unix -package str -modules src/hopix/hopixTypes.ml > src/hopix/hopixTypes.ml.depends
ocamlfind ocamlc -c -annot -bin-annot -package unix -package str -I src/hopix -I src -I src/common -I src/utilities -I src/lib/pprint -o src/hopix/hopixTypes.cmo src/hopix/hopixTypes.ml
ocamlfind ocamldep -package unix -package str -modules src/utilities/syntacticAnalysis.mli > src/utilities/syntacticAnalysis.mli.depends
ocamlfind ocamlc -c -annot -bin-annot -package unix -package str -I src/hopix -I src -I src/common -I src/utilities -I src/lib/pprint -o src/hopix/hopixInterpreter.cmo src/hopix/hopixInterpreter.ml
+ ocamlfind ocamlc -c -annot -bin-annot -package unix -package str -I src/hopix -I src -I src/common -I src/utilities -I src/lib/pprint -o src/hopix/hopixInterpreter.cmo src/hopix/hopixInterpreter.ml
File "src/hopix/hopixInterpreter.ml", line 62, characters 5-12:
Error: The variant type gvalue has no constructor VTagged
Command exited with code 2.
Makefile.generic:54: recipe for target 'flap.native' failed
!> La compilation a échoué.=> J'ai trouvé une archive.
=> Je la décompresse.
flap-skywalker-vador-15.2/
flap-skywalker-vador-15.2/Makefile
flap-skywalker-vador-15.2/Makefile.config
flap-skywalker-vador-15.2/Makefile.generic
flap-skywalker-vador-15.2/Makefile.local
flap-skywalker-vador-15.2/myocamlbuild_config.ml
flap-skywalker-vador-15.2/_tags
flap-skywalker-vador-15.2/src/
flap-skywalker-vador-15.2/src/utilities/
flap-skywalker-vador-15.2/src/utilities/userInput.ml
flap-skywalker-vador-15.2/src/utilities/position.ml
flap-skywalker-vador-15.2/src/utilities/stdUserInput.ml
flap-skywalker-vador-15.2/src/utilities/syntacticAnalysis.ml
flap-skywalker-vador-15.2/src/utilities/position.mli
flap-skywalker-vador-15.2/src/utilities/syntacticAnalysis.mli
flap-skywalker-vador-15.2/src/utilities/extStd.ml
flap-skywalker-vador-15.2/src/utilities/extPPrint.ml
flap-skywalker-vador-15.2/src/utilities/error.mli
flap-skywalker-vador-15.2/src/utilities/error.ml
flap-skywalker-vador-15.2/src/utilities/option.ml
flap-skywalker-vador-15.2/src/hopix/
flap-skywalker-vador-15.2/src/hopix/hopixAST.ml
flap-skywalker-vador-15.2/src/hopix/hopixInitialization.ml
flap-skywalker-vador-15.2/src/hopix/hopixInterpreter.ml
flap-skywalker-vador-15.2/src/hopix/hopixLexer.mll
flap-skywalker-vador-15.2/src/hopix/hopix.ml
flap-skywalker-vador-15.2/src/hopix/hopixParser.mly
flap-skywalker-vador-15.2/src/hopix/hopixPrettyPrinter.ml
flap-skywalker-vador-15.2/src/hopix/hopixTypechecker.ml
flap-skywalker-vador-15.2/src/hopix/hopixTypes.ml
flap-skywalker-vador-15.2/src/hopix/hopixTypeInferenceEngine.ml
flap-skywalker-vador-15.2/src/hopix/memory.mli
flap-skywalker-vador-15.2/src/hopix/memory.ml
flap-skywalker-vador-15.2/src/version.ml
flap-skywalker-vador-15.2/src/common/
flap-skywalker-vador-15.2/src/common/compilers.ml
flap-skywalker-vador-15.2/src/common/languages.ml
flap-skywalker-vador-15.2/src/commandLineOptions.ml
flap-skywalker-vador-15.2/src/options.ml
flap-skywalker-vador-15.2/src/flap.ml
flap-skywalker-vador-15.2/src/lib/
flap-skywalker-vador-15.2/src/lib/pprint/
flap-skywalker-vador-15.2/src/lib/pprint/LICENSE
flap-skywalker-vador-15.2/src/lib/pprint/AUTHORS
flap-skywalker-vador-15.2/src/lib/pprint/PPrintOCaml.mli
flap-skywalker-vador-15.2/src/lib/pprint/CHANGES
flap-skywalker-vador-15.2/src/lib/pprint/PPrintOCaml.ml
flap-skywalker-vador-15.2/src/lib/pprint/Makefile
flap-skywalker-vador-15.2/src/lib/pprint/PPrintCombinators.ml
flap-skywalker-vador-15.2/src/lib/pprint/PPrintRenderer.ml
flap-skywalker-vador-15.2/src/lib/pprint/README
flap-skywalker-vador-15.2/src/lib/pprint/PPrint.ml
flap-skywalker-vador-15.2/src/lib/pprint/PPrintEngine.ml
flap-skywalker-vador-15.2/src/lib/pprint/PPrintCombinators.mli
flap-skywalker-vador-15.2/src/lib/pprint/PPrintEngine.mli
=> Je compile.
Source configuration ...
 * Ledit is not present: use default UserInput.
rm -f flap.native
ocamlfind ocamldep -package unix -package str -modules src/flap.ml > src/flap.ml.depends
ocamlfind ocamldep -package unix -package str -modules src/commandLineOptions.ml > src/commandLineOptions.ml.depends
ocamlfind ocamldep -package unix -package str -modules src/options.ml > src/options.ml.depends
ocamlfind ocamldep -package unix -package str -modules src/utilities/error.mli > src/utilities/error.mli.depends
ocamlfind ocamldep -package unix -package str -modules src/utilities/position.mli > src/utilities/position.mli.depends
ocamlfind ocamlc -c -annot -bin-annot -package unix -package str -I src/utilities -I src -I src/common -I src/hopix -I src/lib/pprint -o src/utilities/position.cmi src/utilities/position.mli
ocamlfind ocamlc -c -annot -bin-annot -package unix -package str -I src/utilities -I src -I src/common -I src/hopix -I src/lib/pprint -o src/utilities/error.cmi src/utilities/error.mli
ocamlfind ocamldep -package unix -package str -modules src/version.ml > src/version.ml.depends
ocamlfind ocamlc -c -annot -bin-annot -package unix -package str -I src -I src/common -I src/hopix -I src/utilities -I src/lib/pprint -o src/options.cmo src/options.ml
ocamlfind ocamlc -c -annot -bin-annot -package unix -package str -I src -I src/common -I src/hopix -I src/utilities -I src/lib/pprint -o src/version.cmo src/version.ml
ocamlfind ocamldep -package unix -package str -modules src/common/compilers.ml > src/common/compilers.ml.depends
ocamlfind ocamldep -package unix -package str -modules src/utilities/extStd.ml > src/utilities/extStd.ml.depends
ocamlfind ocamldep -package unix -package str -modules src/common/languages.ml > src/common/languages.ml.depends
ocamlfind ocamlc -c -annot -bin-annot -package unix -package str -I src/utilities -I src -I src/common -I src/hopix -I src/lib/pprint -o src/utilities/extStd.cmo src/utilities/extStd.ml
ocamlfind ocamlc -c -annot -bin-annot -package unix -package str -I src/common -I src -I src/hopix -I src/utilities -I src/lib/pprint -o src/common/languages.cmo src/common/languages.ml
ocamlfind ocamldep -package unix -package str -modules src/hopix/hopixInitialization.ml > src/hopix/hopixInitialization.ml.depends
ocamlfind ocamlc -c -annot -bin-annot -package unix -package str -I src/common -I src -I src/hopix -I src/utilities -I src/lib/pprint -o src/common/compilers.cmo src/common/compilers.ml
ocamlfind ocamldep -package unix -package str -modules src/hopix/hopix.ml > src/hopix/hopix.ml.depends
ocamlfind ocamldep -package unix -package str -modules src/hopix/hopixAST.ml > src/hopix/hopixAST.ml.depends
ocamlfind ocamldep -package unix -package str -modules src/hopix/hopixInterpreter.ml > src/hopix/hopixInterpreter.ml.depends
ocamlfind ocamlc -c -annot -bin-annot -package unix -package str -I src/hopix -I src -I src/common -I src/utilities -I src/lib/pprint -o src/hopix/hopixAST.cmo src/hopix/hopixAST.ml
ocamlfind ocamldep -package unix -package str -modules src/hopix/memory.mli > src/hopix/memory.mli.depends
ocamlfind ocamlc -c -annot -bin-annot -package unix -package str -I src/hopix -I src -I src/common -I src/utilities -I src/lib/pprint -o src/hopix/memory.cmi src/hopix/memory.mli
/usr/bin/ocamllex -q src/hopix/hopixLexer.mll
ocamlfind ocamldep -package unix -package str -modules src/hopix/hopixLexer.ml > src/hopix/hopixLexer.ml.depends
menhir --raw-depend --ocamldep 'ocamlfind ocamldep -modules' src/hopix/hopixParser.mly > src/hopix/hopixParser.mly.depends
+ menhir --raw-depend --ocamldep 'ocamlfind ocamldep -modules' src/hopix/hopixParser.mly > src/hopix/hopixParser.mly.depends
File "src/hopix/hopixParser.mly", line 11, characters 48-51:
Warning: the token AMP is unused.
File "src/hopix/hopixParser.mly", line 12, characters 7-9:
Warning: the token DO is unused.
File "src/hopix/hopixParser.mly", line 12, characters 10-14:
Warning: the token DONE is unused.
menhir --ocamlc 'ocamlfind ocamlc -annot -bin-annot -package unix -package str -I src/hopix -I src -I src/common -I src/utilities -I src/lib/pprint' --explain --infer src/hopix/hopixParser.mly
+ menhir --ocamlc 'ocamlfind ocamlc -annot -bin-annot -package unix -package str -I src/hopix -I src -I src/common -I src/utilities -I src/lib/pprint' --explain --infer src/hopix/hopixParser.mly
File "src/hopix/hopixParser.mly", line 11, characters 48-51:
Warning: the token AMP is unused.
File "src/hopix/hopixParser.mly", line 12, characters 7-9:
Warning: the token DO is unused.
File "src/hopix/hopixParser.mly", line 12, characters 10-14:
Warning: the token DONE is unused.
Warning: 21 states have shift/reduce conflicts.
Warning: 3 states have reduce/reduce conflicts.
Warning: 178 shift/reduce conflicts were arbitrarily resolved.
Warning: 72 reduce/reduce conflicts were arbitrarily resolved.
ocamlfind ocamldep -package unix -package str -modules src/hopix/hopixParser.mli > src/hopix/hopixParser.mli.depends
ocamlfind ocamlc -c -annot -bin-annot -package unix -package str -I src/hopix -I src -I src/common -I src/utilities -I src/lib/pprint -o src/hopix/hopixParser.cmi src/hopix/hopixParser.mli
ocamlfind ocamldep -package unix -package str -modules src/hopix/hopixPrettyPrinter.ml > src/hopix/hopixPrettyPrinter.ml.depends
ocamlfind ocamldep -package unix -package str -modules src/utilities/extPPrint.ml > src/utilities/extPPrint.ml.depends
ocamlfind ocamldep -package unix -package str -modules src/lib/pprint/PPrint.ml > src/lib/pprint/PPrint.ml.depends
ocamlfind ocamldep -package unix -package str -modules src/lib/pprint/PPrintCombinators.mli > src/lib/pprint/PPrintCombinators.mli.depends
ocamlfind ocamldep -package unix -package str -modules src/lib/pprint/PPrintEngine.mli > src/lib/pprint/PPrintEngine.mli.depends
ocamlfind ocamldep -package unix -package str -modules src/lib/pprint/PPrintRenderer.ml > src/lib/pprint/PPrintRenderer.ml.depends
ocamlfind ocamlc -c -annot -bin-annot -package unix -package str -I src/lib/pprint -I src -I src/common -I src/hopix -I src/utilities -o src/lib/pprint/PPrintRenderer.cmo src/lib/pprint/PPrintRenderer.ml
ocamlfind ocamlc -c -annot -bin-annot -package unix -package str -I src/lib/pprint -I src -I src/common -I src/hopix -I src/utilities -o src/lib/pprint/PPrintEngine.cmi src/lib/pprint/PPrintEngine.mli
ocamlfind ocamldep -package unix -package str -modules src/lib/pprint/PPrintOCaml.mli > src/lib/pprint/PPrintOCaml.mli.depends
ocamlfind ocamlc -c -annot -bin-annot -package unix -package str -I src/lib/pprint -I src -I src/common -I src/hopix -I src/utilities -o src/lib/pprint/PPrintCombinators.cmi src/lib/pprint/PPrintCombinators.mli
ocamlfind ocamlc -c -annot -bin-annot -package unix -package str -I src/lib/pprint -I src -I src/common -I src/hopix -I src/utilities -o src/lib/pprint/PPrintOCaml.cmi src/lib/pprint/PPrintOCaml.mli
ocamlfind ocamlc -c -annot -bin-annot -package unix -package str -I src/lib/pprint -I src -I src/common -I src/hopix -I src/utilities -o src/lib/pprint/PPrint.cmo src/lib/pprint/PPrint.ml
ocamlfind ocamlc -c -annot -bin-annot -package unix -package str -I src/utilities -I src -I src/common -I src/hopix -I src/lib/pprint -o src/utilities/extPPrint.cmo src/utilities/extPPrint.ml
ocamlfind ocamldep -package unix -package str -modules src/hopix/hopixTypechecker.ml > src/hopix/hopixTypechecker.ml.depends
ocamlfind ocamldep -package unix -package str -modules src/hopix/hopixTypes.ml > src/hopix/hopixTypes.ml.depends
ocamlfind ocamlc -c -annot -bin-annot -package unix -package str -I src/hopix -I src -I src/common -I src/utilities -I src/lib/pprint -o src/hopix/hopixTypes.cmo src/hopix/hopixTypes.ml
ocamlfind ocamldep -package unix -package str -modules src/utilities/syntacticAnalysis.mli > src/utilities/syntacticAnalysis.mli.depends
ocamlfind ocamlc -c -annot -bin-annot -package unix -package str -I src/hopix -I src -I src/common -I src/utilities -I src/lib/pprint -o src/hopix/hopixInterpreter.cmo src/hopix/hopixInterpreter.ml
+ ocamlfind ocamlc -c -annot -bin-annot -package unix -package str -I src/hopix -I src -I src/common -I src/utilities -I src/lib/pprint -o src/hopix/hopixInterpreter.cmo src/hopix/hopixInterpreter.ml
File "src/hopix/hopixInterpreter.ml", line 62, characters 5-12:
Error: The variant type gvalue has no constructor VTagged
Command exited with code 2.
Makefile.generic:54: recipe for target 'flap.native' failed
!> La compilation a échoué.
